# JRE version: OpenJDK Runtime Environment Temurin-21.0.9+10 (21.0.9+10) (build 21.0.9+10-LTS)
# Java VM: OpenJDK 64-Bit Server VM Temurin-21.0.9+10 (21.0.9+10-LTS, mixed mode, sharing, tiered, compressed oops, compressed class ptrs, parallel gc, windows-amd64)
GC Precious Log:
 CardTable entry size: 512
 CPUs: 12 total, 12 available
 Memory: 7498M
 Large Page Support: Disabled
 NUMA Support: Disabled
 Compressed Oops: Enabled (32-bit)
 Alignments: Space 512K, Generation 512K, Heap 2M
 Heap Min Capacity: 100M
 Heap Initial Capacity: 100M
 Heap Max Capacity: 2G
 Pre-touch: Disabled
 Parallel Workers: 10
Heap:
 PSYoungGen      total 20992K, used 19671K [0x00000000d5580000, 0x00000000d6d80000, 0x0000000100000000)
  eden space 20480K, 94% used [0x00000000d5580000,0x00000000d6865cb0,0x00000000d6980000)
  from space 512K, 62% used [0x00000000d6d00000,0x00000000d6d50000,0x00000000d6d80000)
  to   space 512K, 0% used [0x00000000d6c80000,0x00000000d6c80000,0x00000000d6d00000)
 ParOldGen       total 101376K, used 91710K [0x0000000080000000, 0x0000000086300000, 0x00000000d5580000)
  object space 101376K, 90% used [0x0000000080000000,0x000000008598f978,0x0000000086300000)
 Metaspace       used 63086K, committed 64640K, reserved 1114112K
  class space    used 7236K, committed 7936K, reserved 1048576K
GC Heap History (20 events):
Event: 26.706 GC heap before
{Heap before GC invocations=84 (full 3):
 PSYoungGen      total 21504K, used 21120K [0x00000000d5580000, 0x00000000d6b80000, 0x0000000100000000)
  eden space 20480K, 100% used [0x00000000d5580000,0x00000000d6980000,0x00000000d6980000)
  from space 1024K, 62% used [0x00000000d6a80000,0x00000000d6b20000,0x00000000d6b80000)
  to   space 1024K, 0% used [0x00000000d6980000,0x00000000d6980000,0x00000000d6a80000)
 ParOldGen       total 101376K, used 84611K [0x0000000080000000, 0x0000000086300000, 0x00000000d5580000)
  object space 101376K, 83% used [0x0000000080000000,0x00000000852a0c48,0x0000000086300000)
 Metaspace       used 58906K, committed 60352K, reserved 1114112K
  class space    used 6857K, committed 7424K, reserved 1048576K
}
Event: 26.707 GC heap after
{Heap after GC invocations=84 (full 3):
 PSYoungGen      total 21504K, used 672K [0x00000000d5580000, 0x00000000d6b80000, 0x0000000100000000)
  eden space 20480K, 0% used [0x00000000d5580000,0x00000000d5580000,0x00000000d6980000)
  from space 1024K, 65% used [0x00000000d6980000,0x00000000d6a28000,0x00000000d6a80000)
  to   space 1024K, 0% used [0x00000000d6a80000,0x00000000d6a80000,0x00000000d6b80000)
 ParOldGen       total 101376K, used 85107K [0x0000000080000000, 0x0000000086300000, 0x00000000d5580000)
  object space 101376K, 83% used [0x0000000080000000,0x000000008531cc48,0x0000000086300000)
 Metaspace       used 58906K, committed 60352K, reserved 1114112K
  class space    used 6857K, committed 7424K, reserved 1048576K
}
Event: 26.732 GC heap before
{Heap before GC invocations=85 (full 3):
 PSYoungGen      total 21504K, used 21152K [0x00000000d5580000, 0x00000000d6b80000, 0x0000000100000000)
  eden space 20480K, 100% used [0x00000000d5580000,0x00000000d6980000,0x00000000d6980000)
  from space 1024K, 65% used [0x00000000d6980000,0x00000000d6a28000,0x00000000d6a80000)
  to   space 1024K, 0% used [0x00000000d6a80000,0x00000000d6a80000,0x00000000d6b80000)
 ParOldGen       total 101376K, used 85107K [0x0000000080000000, 0x0000000086300000, 0x00000000d5580000)
  object space 101376K, 83% used [0x0000000080000000,0x000000008531cc48,0x0000000086300000)
 Metaspace       used 58906K, committed 60352K, reserved 1114112K
  class space    used 6857K, committed 7424K, reserved 1048576K
}
Event: 26.733 GC heap after
{Heap after GC invocations=85 (full 3):
 PSYoungGen      total 21504K, used 608K [0x00000000d5580000, 0x00000000d6b80000, 0x0000000100000000)
  eden space 20480K, 0% used [0x00000000d5580000,0x00000000d5580000,0x00000000d6980000)
  from space 1024K, 59% used [0x00000000d6a80000,0x00000000d6b18000,0x00000000d6b80000)
  to   space 1024K, 0% used [0x00000000d6980000,0x00000000d6980000,0x00000000d6a80000)
 ParOldGen       total 101376K, used 85651K [0x0000000080000000, 0x0000000086300000, 0x00000000d5580000)
  object space 101376K, 84% used [0x0000000080000000,0x00000000853a4c48,0x0000000086300000)
 Metaspace       used 58906K, committed 60352K, reserved 1114112K
  class space    used 6857K, committed 7424K, reserved 1048576K
}
Event: 27.060 GC heap before
{Heap before GC invocations=86 (full 3):
 PSYoungGen      total 21504K, used 21088K [0x00000000d5580000, 0x00000000d6b80000, 0x0000000100000000)
  eden space 20480K, 100% used [0x00000000d5580000,0x00000000d6980000,0x00000000d6980000)
  from space 1024K, 59% used [0x00000000d6a80000,0x00000000d6b18000,0x00000000d6b80000)
  to   space 1024K, 0% used [0x00000000d6980000,0x00000000d6980000,0x00000000d6a80000)
 ParOldGen       total 101376K, used 85651K [0x0000000080000000, 0x0000000086300000, 0x00000000d5580000)
  object space 101376K, 84% used [0x0000000080000000,0x00000000853a4c48,0x0000000086300000)
 Metaspace       used 58906K, committed 60352K, reserved 1114112K
  class space    used 6857K, committed 7424K, reserved 1048576K
}
Event: 27.064 GC heap after
{Heap after GC invocations=86 (full 3):
 PSYoungGen      total 21504K, used 1020K [0x00000000d5580000, 0x00000000d7280000, 0x0000000100000000)
  eden space 20480K, 0% used [0x00000000d5580000,0x00000000d5580000,0x00000000d6980000)
  from space 1024K, 99% used [0x00000000d6980000,0x00000000d6a7f100,0x00000000d6a80000)
  to   space 4608K, 0% used [0x00000000d6e00000,0x00000000d6e00000,0x00000000d7280000)
 ParOldGen       total 101376K, used 88421K [0x0000000080000000, 0x0000000086300000, 0x00000000d5580000)
  object space 101376K, 87% used [0x0000000080000000,0x00000000856594b8,0x0000000086300000)
 Metaspace       used 58906K, committed 60352K, reserved 1114112K
  class space    used 6857K, committed 7424K, reserved 1048576K
}
Event: 27.116 GC heap before
{Heap before GC invocations=87 (full 3):
 PSYoungGen      total 21504K, used 21500K [0x00000000d5580000, 0x00000000d7280000, 0x0000000100000000)
  eden space 20480K, 100% used [0x00000000d5580000,0x00000000d6980000,0x00000000d6980000)
  from space 1024K, 99% used [0x00000000d6980000,0x00000000d6a7f100,0x00000000d6a80000)
  to   space 4608K, 0% used [0x00000000d6e00000,0x00000000d6e00000,0x00000000d7280000)
 ParOldGen       total 101376K, used 88421K [0x0000000080000000, 0x0000000086300000, 0x00000000d5580000)
  object space 101376K, 87% used [0x0000000080000000,0x00000000856594b8,0x0000000086300000)
 Metaspace       used 58911K, committed 60352K, reserved 1114112K
  class space    used 6857K, committed 7424K, reserved 1048576K
}
Event: 27.119 GC heap after
{Heap after GC invocations=87 (full 3):
 PSYoungGen      total 20992K, used 320K [0x00000000d5580000, 0x00000000d6e80000, 0x0000000100000000)
  eden space 20480K, 0% used [0x00000000d5580000,0x00000000d5580000,0x00000000d6980000)
  from space 512K, 62% used [0x00000000d6e00000,0x00000000d6e50000,0x00000000d6e80000)
  to   space 2048K, 0% used [0x00000000d6a80000,0x00000000d6a80000,0x00000000d6c80000)
 ParOldGen       total 101376K, used 89393K [0x0000000080000000, 0x0000000086300000, 0x00000000d5580000)
  object space 101376K, 88% used [0x0000000080000000,0x000000008574c5b8,0x0000000086300000)
 Metaspace       used 58911K, committed 60352K, reserved 1114112K
  class space    used 6857K, committed 7424K, reserved 1048576K
}
Event: 27.164 GC heap before
{Heap before GC invocations=88 (full 3):
 PSYoungGen      total 20992K, used 20800K [0x00000000d5580000, 0x00000000d6e80000, 0x0000000100000000)
  eden space 20480K, 100% used [0x00000000d5580000,0x00000000d6980000,0x00000000d6980000)
  from space 512K, 62% used [0x00000000d6e00000,0x00000000d6e50000,0x00000000d6e80000)
  to   space 2048K, 0% used [0x00000000d6a80000,0x00000000d6a80000,0x00000000d6c80000)
 ParOldGen       total 101376K, used 89393K [0x0000000080000000, 0x0000000086300000, 0x00000000d5580000)
  object space 101376K, 88% used [0x0000000080000000,0x000000008574c5b8,0x0000000086300000)
 Metaspace       used 58916K, committed 60352K, reserved 1114112K
  class space    used 6857K, committed 7424K, reserved 1048576K
}
Event: 27.165 GC heap after
{Heap after GC invocations=88 (full 3):
 PSYoungGen      total 22528K, used 352K [0x00000000d5580000, 0x00000000d6e80000, 0x0000000100000000)
  eden space 20480K, 0% used [0x00000000d5580000,0x00000000d5580000,0x00000000d6980000)
  from space 2048K, 17% used [0x00000000d6a80000,0x00000000d6ad8000,0x00000000d6c80000)
  to   space 1024K, 0% used [0x00000000d6d80000,0x00000000d6d80000,0x00000000d6e80000)
 ParOldGen       total 101376K, used 89497K [0x0000000080000000, 0x0000000086300000, 0x00000000d5580000)
  object space 101376K, 88% used [0x0000000080000000,0x00000000857665b8,0x0000000086300000)
 Metaspace       used 58916K, committed 60352K, reserved 1114112K
  class space    used 6857K, committed 7424K, reserved 1048576K
}
Event: 2386.430 GC heap before
{Heap before GC invocations=89 (full 3):
 PSYoungGen      total 22528K, used 20832K [0x00000000d5580000, 0x00000000d6e80000, 0x0000000100000000)
  eden space 20480K, 100% used [0x00000000d5580000,0x00000000d6980000,0x00000000d6980000)
  from space 2048K, 17% used [0x00000000d6a80000,0x00000000d6ad8000,0x00000000d6c80000)
  to   space 1024K, 0% used [0x00000000d6d80000,0x00000000d6d80000,0x00000000d6e80000)
 ParOldGen       total 101376K, used 89497K [0x0000000080000000, 0x0000000086300000, 0x00000000d5580000)
  object space 101376K, 88% used [0x0000000080000000,0x00000000857665b8,0x0000000086300000)
 Metaspace       used 59887K, committed 61440K, reserved 1114112K
  class space    used 6968K, committed 7616K, reserved 1048576K
}
Event: 2386.522 GC heap after
{Heap after GC invocations=89 (full 3):
 PSYoungGen      total 21504K, used 960K [0x00000000d5580000, 0x00000000d6e80000, 0x0000000100000000)
  eden space 20480K, 0% used [0x00000000d5580000,0x00000000d5580000,0x00000000d6980000)
  from space 1024K, 93% used [0x00000000d6d80000,0x00000000d6e70000,0x00000000d6e80000)
  to   space 1536K, 0% used [0x00000000d6b80000,0x00000000d6b80000,0x00000000d6d00000)
 ParOldGen       total 101376K, used 89569K [0x0000000080000000, 0x0000000086300000, 0x00000000d5580000)
  object space 101376K, 88% used [0x0000000080000000,0x00000000857785b8,0x0000000086300000)
 Metaspace       used 59887K, committed 61440K, reserved 1114112K
  class space    used 6968K, committed 7616K, reserved 1048576K
}
Event: 2388.671 GC heap before
{Heap before GC invocations=90 (full 3):
 PSYoungGen      total 21504K, used 21437K [0x00000000d5580000, 0x00000000d6e80000, 0x0000000100000000)
  eden space 20480K, 99% used [0x00000000d5580000,0x00000000d697f420,0x00000000d6980000)
  from space 1024K, 93% used [0x00000000d6d80000,0x00000000d6e70000,0x00000000d6e80000)
  to   space 1536K, 0% used [0x00000000d6b80000,0x00000000d6b80000,0x00000000d6d00000)
 ParOldGen       total 101376K, used 89569K [0x0000000080000000, 0x0000000086300000, 0x00000000d5580000)
  object space 101376K, 88% used [0x0000000080000000,0x00000000857785b8,0x0000000086300000)
 Metaspace       used 62107K, committed 63552K, reserved 1114112K
  class space    used 7190K, committed 7872K, reserved 1048576K
}
Event: 2388.676 GC heap after
{Heap after GC invocations=90 (full 3):
 PSYoungGen      total 22016K, used 1144K [0x00000000d5580000, 0x00000000d6e00000, 0x0000000100000000)
  eden space 20480K, 0% used [0x00000000d5580000,0x00000000d5580000,0x00000000d6980000)
  from space 1536K, 74% used [0x00000000d6b80000,0x00000000d6c9e308,0x00000000d6d00000)
  to   space 1024K, 0% used [0x00000000d6d00000,0x00000000d6d00000,0x00000000d6e00000)
 ParOldGen       total 101376K, used 90403K [0x0000000080000000, 0x0000000086300000, 0x00000000d5580000)
  object space 101376K, 89% used [0x0000000080000000,0x0000000085848cc0,0x0000000086300000)
 Metaspace       used 62107K, committed 63552K, reserved 1114112K
  class space    used 7190K, committed 7872K, reserved 1048576K
}
Event: 2391.422 GC heap before
{Heap before GC invocations=91 (full 3):
 PSYoungGen      total 22016K, used 21624K [0x00000000d5580000, 0x00000000d6e00000, 0x0000000100000000)
  eden space 20480K, 100% used [0x00000000d5580000,0x00000000d6980000,0x00000000d6980000)
  from space 1536K, 74% used [0x00000000d6b80000,0x00000000d6c9e308,0x00000000d6d00000)
  to   space 1024K, 0% used [0x00000000d6d00000,0x00000000d6d00000,0x00000000d6e00000)
 ParOldGen       total 101376K, used 90403K [0x0000000080000000, 0x0000000086300000, 0x00000000d5580000)
  object space 101376K, 89% used [0x0000000080000000,0x0000000085848cc0,0x0000000086300000)
 Metaspace       used 62514K, committed 64000K, reserved 1114112K
  class space    used 7198K, committed 7872K, reserved 1048576K
}
Event: 2391.426 GC heap after
{Heap after GC invocations=91 (full 3):
 PSYoungGen      total 20992K, used 448K [0x00000000d5580000, 0x00000000d6d80000, 0x0000000100000000)
  eden space 20480K, 0% used [0x00000000d5580000,0x00000000d5580000,0x00000000d6980000)
  from space 512K, 87% used [0x00000000d6d00000,0x00000000d6d70000,0x00000000d6d80000)
  to   space 1024K, 0% used [0x00000000d6b80000,0x00000000d6b80000,0x00000000d6c80000)
 ParOldGen       total 101376K, used 91374K [0x0000000080000000, 0x0000000086300000, 0x00000000d5580000)
  object space 101376K, 90% used [0x0000000080000000,0x000000008593b978,0x0000000086300000)
 Metaspace       used 62514K, committed 64000K, reserved 1114112K
  class space    used 7198K, committed 7872K, reserved 1048576K
}
Event: 2392.447 GC heap before
{Heap before GC invocations=92 (full 3):
 PSYoungGen      total 20992K, used 20928K [0x00000000d5580000, 0x00000000d6d80000, 0x0000000100000000)
  eden space 20480K, 100% used [0x00000000d5580000,0x00000000d6980000,0x00000000d6980000)
  from space 512K, 87% used [0x00000000d6d00000,0x00000000d6d70000,0x00000000d6d80000)
  to   space 1024K, 0% used [0x00000000d6b80000,0x00000000d6b80000,0x00000000d6c80000)
 ParOldGen       total 101376K, used 91374K [0x0000000080000000, 0x0000000086300000, 0x00000000d5580000)
  object space 101376K, 90% used [0x0000000080000000,0x000000008593b978,0x0000000086300000)
 Metaspace       used 62666K, committed 64256K, reserved 1114112K
  class space    used 7206K, committed 7936K, reserved 1048576K
}
Event: 2392.449 GC heap after
{Heap after GC invocations=92 (full 3):
 PSYoungGen      total 21504K, used 288K [0x00000000d5580000, 0x00000000d6d80000, 0x0000000100000000)
  eden space 20480K, 0% used [0x00000000d5580000,0x00000000d5580000,0x00000000d6980000)
  from space 1024K, 28% used [0x00000000d6b80000,0x00000000d6bc8000,0x00000000d6c80000)
  to   space 512K, 0% used [0x00000000d6d00000,0x00000000d6d00000,0x00000000d6d80000)
 ParOldGen       total 101376K, used 91630K [0x0000000080000000, 0x0000000086300000, 0x00000000d5580000)
  object space 101376K, 90% used [0x0000000080000000,0x000000008597b978,0x0000000086300000)
 Metaspace       used 62666K, committed 64256K, reserved 1114112K
  class space    used 7206K, committed 7936K, reserved 1048576K
}
Event: 2445.025 GC heap before
{Heap before GC invocations=93 (full 3):
 PSYoungGen      total 21504K, used 20768K [0x00000000d5580000, 0x00000000d6d80000, 0x0000000100000000)
  eden space 20480K, 100% used [0x00000000d5580000,0x00000000d6980000,0x00000000d6980000)
  from space 1024K, 28% used [0x00000000d6b80000,0x00000000d6bc8000,0x00000000d6c80000)
  to   space 512K, 0% used [0x00000000d6d00000,0x00000000d6d00000,0x00000000d6d80000)
 ParOldGen       total 101376K, used 91630K [0x0000000080000000, 0x0000000086300000, 0x00000000d5580000)
  object space 101376K, 90% used [0x0000000080000000,0x000000008597b978,0x0000000086300000)
 Metaspace       used 62753K, committed 64384K, reserved 1114112K
  class space    used 7208K, committed 7936K, reserved 1048576K
}
Event: 2445.076 GC heap after
{Heap after GC invocations=93 (full 3):
 PSYoungGen      total 20992K, used 320K [0x00000000d5580000, 0x00000000d6d80000, 0x0000000100000000)
  eden space 20480K, 0% used [0x00000000d5580000,0x00000000d5580000,0x00000000d6980000)
  from space 512K, 62% used [0x00000000d6d00000,0x00000000d6d50000,0x00000000d6d80000)
  to   space 512K, 0% used [0x00000000d6c80000,0x00000000d6c80000,0x00000000d6d00000)
 ParOldGen       total 101376K, used 91710K [0x0000000080000000, 0x0000000086300000, 0x00000000d5580000)
  object space 101376K, 90% used [0x0000000080000000,0x000000008598f978,0x0000000086300000)
 Metaspace       used 62753K, committed 64384K, reserved 1114112K
  class space    used 7208K, committed 7936K, reserved 1048576K
}

