# JRE version: OpenJDK Runtime Environment Temurin-21.0.9+10 (21.0.9+10) (build 21.0.9+10-LTS)
# Java VM: OpenJDK 64-Bit Server VM Temurin-21.0.9+10 (21.0.9+10-LTS, mixed mode, sharing, tiered, compressed oops, compressed class ptrs, parallel gc, windows-amd64)
GC Precious Log:
 CardTable entry size: 512
 CPUs: 12 total, 12 available
 Memory: 7498M
 Large Page Support: Disabled
 NUMA Support: Disabled
 Compressed Oops: Enabled (32-bit)
 Alignments: Space 512K, Generation 512K, Heap 2M
 Heap Min Capacity: 100M
 Heap Initial Capacity: 100M
 Heap Max Capacity: 2G
 Pre-touch: Disabled
 Parallel Workers: 10
Heap:
 PSYoungGen      total 19968K, used 7127K [0x00000000d5580000, 0x00000000d6d80000, 0x0000000100000000)
  eden space 18944K, 37% used [0x00000000d5580000,0x00000000d5c75c18,0x00000000d6800000)
  from space 1024K, 0% used [0x00000000d6b80000,0x00000000d6b80000,0x00000000d6c80000)
  to   space 512K, 0% used [0x00000000d6d00000,0x00000000d6d00000,0x00000000d6d80000)
 ParOldGen       total 124416K, used 73071K [0x0000000080000000, 0x0000000087980000, 0x00000000d5580000)
  object space 124416K, 58% used [0x0000000080000000,0x000000008475bc40,0x0000000087980000)
 Metaspace       used 59199K, committed 60608K, reserved 1114112K
  class space    used 6896K, committed 7488K, reserved 1048576K
GC Heap History (20 events):
Event: 18.309 GC heap before
{Heap before GC invocations=87 (full 2):
 PSYoungGen      total 19968K, used 19520K [0x00000000d5580000, 0x00000000d7000000, 0x0000000100000000)
  eden space 18944K, 100% used [0x00000000d5580000,0x00000000d6800000,0x00000000d6800000)
  from space 1024K, 56% used [0x00000000d6f00000,0x00000000d6f90000,0x00000000d7000000)
  to   space 1024K, 0% used [0x00000000d6e00000,0x00000000d6e00000,0x00000000d6f00000)
 ParOldGen       total 118272K, used 118233K [0x0000000080000000, 0x0000000087380000, 0x00000000d5580000)
  object space 118272K, 99% used [0x0000000080000000,0x00000000873764e0,0x0000000087380000)
 Metaspace       used 58398K, committed 59712K, reserved 1114112K
  class space    used 6799K, committed 7360K, reserved 1048576K
}
Event: 18.309 GC heap after
{Heap after GC invocations=87 (full 2):
 PSYoungGen      total 19456K, used 480K [0x00000000d5580000, 0x00000000d6f80000, 0x0000000100000000)
  eden space 18944K, 0% used [0x00000000d5580000,0x00000000d5580000,0x00000000d6800000)
  from space 512K, 93% used [0x00000000d6e00000,0x00000000d6e78000,0x00000000d6e80000)
  to   space 1024K, 0% used [0x00000000d6e80000,0x00000000d6e80000,0x00000000d6f80000)
 ParOldGen       total 118784K, used 118672K [0x0000000080000000, 0x0000000087400000, 0x00000000d5580000)
  object space 118784K, 99% used [0x0000000080000000,0x00000000873e41e0,0x0000000087400000)
 Metaspace       used 58398K, committed 59712K, reserved 1114112K
  class space    used 6799K, committed 7360K, reserved 1048576K
}
Event: 18.324 GC heap before
{Heap before GC invocations=88 (full 2):
 PSYoungGen      total 19456K, used 19424K [0x00000000d5580000, 0x00000000d6f80000, 0x0000000100000000)
  eden space 18944K, 100% used [0x00000000d5580000,0x00000000d6800000,0x00000000d6800000)
  from space 512K, 93% used [0x00000000d6e00000,0x00000000d6e78000,0x00000000d6e80000)
  to   space 1024K, 0% used [0x00000000d6e80000,0x00000000d6e80000,0x00000000d6f80000)
 ParOldGen       total 118784K, used 118672K [0x0000000080000000, 0x0000000087400000, 0x00000000d5580000)
  object space 118784K, 99% used [0x0000000080000000,0x00000000873e41e0,0x0000000087400000)
 Metaspace       used 58398K, committed 59712K, reserved 1114112K
  class space    used 6799K, committed 7360K, reserved 1048576K
}
Event: 18.325 GC heap after
{Heap after GC invocations=88 (full 2):
 PSYoungGen      total 19968K, used 640K [0x00000000d5580000, 0x00000000d6f80000, 0x0000000100000000)
  eden space 18944K, 0% used [0x00000000d5580000,0x00000000d5580000,0x00000000d6800000)
  from space 1024K, 62% used [0x00000000d6e80000,0x00000000d6f20000,0x00000000d6f80000)
  to   space 1024K, 0% used [0x00000000d6d80000,0x00000000d6d80000,0x00000000d6e80000)
 ParOldGen       total 119296K, used 119040K [0x0000000080000000, 0x0000000087480000, 0x00000000d5580000)
  object space 119296K, 99% used [0x0000000080000000,0x00000000874401e0,0x0000000087480000)
 Metaspace       used 58398K, committed 59712K, reserved 1114112K
  class space    used 6799K, committed 7360K, reserved 1048576K
}
Event: 18.337 GC heap before
{Heap before GC invocations=89 (full 2):
 PSYoungGen      total 19968K, used 19584K [0x00000000d5580000, 0x00000000d6f80000, 0x0000000100000000)
  eden space 18944K, 100% used [0x00000000d5580000,0x00000000d6800000,0x00000000d6800000)
  from space 1024K, 62% used [0x00000000d6e80000,0x00000000d6f20000,0x00000000d6f80000)
  to   space 1024K, 0% used [0x00000000d6d80000,0x00000000d6d80000,0x00000000d6e80000)
 ParOldGen       total 119296K, used 119040K [0x0000000080000000, 0x0000000087480000, 0x00000000d5580000)
  object space 119296K, 99% used [0x0000000080000000,0x00000000874401e0,0x0000000087480000)
 Metaspace       used 58398K, committed 59712K, reserved 1114112K
  class space    used 6799K, committed 7360K, reserved 1048576K
}
Event: 18.338 GC heap after
{Heap after GC invocations=89 (full 2):
 PSYoungGen      total 19968K, used 608K [0x00000000d5580000, 0x00000000d6f00000, 0x0000000100000000)
  eden space 18944K, 0% used [0x00000000d5580000,0x00000000d5580000,0x00000000d6800000)
  from space 1024K, 59% used [0x00000000d6d80000,0x00000000d6e18000,0x00000000d6e80000)
  to   space 512K, 0% used [0x00000000d6e80000,0x00000000d6e80000,0x00000000d6f00000)
 ParOldGen       total 119808K, used 119528K [0x0000000080000000, 0x0000000087500000, 0x00000000d5580000)
  object space 119808K, 99% used [0x0000000080000000,0x00000000874ba1f0,0x0000000087500000)
 Metaspace       used 58398K, committed 59712K, reserved 1114112K
  class space    used 6799K, committed 7360K, reserved 1048576K
}
Event: 18.350 GC heap before
{Heap before GC invocations=90 (full 2):
 PSYoungGen      total 19968K, used 19552K [0x00000000d5580000, 0x00000000d6f00000, 0x0000000100000000)
  eden space 18944K, 100% used [0x00000000d5580000,0x00000000d6800000,0x00000000d6800000)
  from space 1024K, 59% used [0x00000000d6d80000,0x00000000d6e18000,0x00000000d6e80000)
  to   space 512K, 0% used [0x00000000d6e80000,0x00000000d6e80000,0x00000000d6f00000)
 ParOldGen       total 119808K, used 119528K [0x0000000080000000, 0x0000000087500000, 0x00000000d5580000)
  object space 119808K, 99% used [0x0000000080000000,0x00000000874ba1f0,0x0000000087500000)
 Metaspace       used 58398K, committed 59712K, reserved 1114112K
  class space    used 6799K, committed 7360K, reserved 1048576K
}
Event: 18.351 GC heap after
{Heap after GC invocations=90 (full 2):
 PSYoungGen      total 19456K, used 512K [0x00000000d5580000, 0x00000000d6f00000, 0x0000000100000000)
  eden space 18944K, 0% used [0x00000000d5580000,0x00000000d5580000,0x00000000d6800000)
  from space 512K, 100% used [0x00000000d6e80000,0x00000000d6f00000,0x00000000d6f00000)
  to   space 1536K, 0% used [0x00000000d6c00000,0x00000000d6c00000,0x00000000d6d80000)
 ParOldGen       total 120320K, used 119997K [0x0000000080000000, 0x0000000087580000, 0x00000000d5580000)
  object space 120320K, 99% used [0x0000000080000000,0x000000008752f548,0x0000000087580000)
 Metaspace       used 58398K, committed 59712K, reserved 1114112K
  class space    used 6799K, committed 7360K, reserved 1048576K
}
Event: 18.364 GC heap before
{Heap before GC invocations=91 (full 2):
 PSYoungGen      total 19456K, used 19456K [0x00000000d5580000, 0x00000000d6f00000, 0x0000000100000000)
  eden space 18944K, 100% used [0x00000000d5580000,0x00000000d6800000,0x00000000d6800000)
  from space 512K, 100% used [0x00000000d6e80000,0x00000000d6f00000,0x00000000d6f00000)
  to   space 1536K, 0% used [0x00000000d6c00000,0x00000000d6c00000,0x00000000d6d80000)
 ParOldGen       total 120320K, used 119997K [0x0000000080000000, 0x0000000087580000, 0x00000000d5580000)
  object space 120320K, 99% used [0x0000000080000000,0x000000008752f548,0x0000000087580000)
 Metaspace       used 58398K, committed 59712K, reserved 1114112K
  class space    used 6799K, committed 7360K, reserved 1048576K
}
Event: 18.365 GC heap after
{Heap after GC invocations=91 (full 2):
 PSYoungGen      total 20480K, used 512K [0x00000000d5580000, 0x00000000d6f00000, 0x0000000100000000)
  eden space 18944K, 0% used [0x00000000d5580000,0x00000000d5580000,0x00000000d6800000)
  from space 1536K, 33% used [0x00000000d6c00000,0x00000000d6c80000,0x00000000d6d80000)
  to   space 1024K, 0% used [0x00000000d6e00000,0x00000000d6e00000,0x00000000d6f00000)
 ParOldGen       total 120832K, used 120485K [0x0000000080000000, 0x0000000087600000, 0x00000000d5580000)
  object space 120832K, 99% used [0x0000000080000000,0x00000000875a9548,0x0000000087600000)
 Metaspace       used 58398K, committed 59712K, reserved 1114112K
  class space    used 6799K, committed 7360K, reserved 1048576K
}
Event: 18.416 GC heap before
{Heap before GC invocations=92 (full 2):
 PSYoungGen      total 20480K, used 19456K [0x00000000d5580000, 0x00000000d6f00000, 0x0000000100000000)
  eden space 18944K, 100% used [0x00000000d5580000,0x00000000d6800000,0x00000000d6800000)
  from space 1536K, 33% used [0x00000000d6c00000,0x00000000d6c80000,0x00000000d6d80000)
  to   space 1024K, 0% used [0x00000000d6e00000,0x00000000d6e00000,0x00000000d6f00000)
 ParOldGen       total 120832K, used 120485K [0x0000000080000000, 0x0000000087600000, 0x00000000d5580000)
  object space 120832K, 99% used [0x0000000080000000,0x00000000875a9548,0x0000000087600000)
 Metaspace       used 58401K, committed 59712K, reserved 1114112K
  class space    used 6799K, committed 7360K, reserved 1048576K
}
Event: 18.419 GC heap after
{Heap after GC invocations=92 (full 2):
 PSYoungGen      total 19968K, used 1024K [0x00000000d5580000, 0x00000000d6f00000, 0x0000000100000000)
  eden space 18944K, 0% used [0x00000000d5580000,0x00000000d5580000,0x00000000d6800000)
  from space 1024K, 100% used [0x00000000d6e00000,0x00000000d6f00000,0x00000000d6f00000)
  to   space 3584K, 0% used [0x00000000d6800000,0x00000000d6800000,0x00000000d6b80000)
 ParOldGen       total 122368K, used 122280K [0x0000000080000000, 0x0000000087780000, 0x00000000d5580000)
  object space 122368K, 99% used [0x0000000080000000,0x000000008776a290,0x0000000087780000)
 Metaspace       used 58401K, committed 59712K, reserved 1114112K
  class space    used 6799K, committed 7360K, reserved 1048576K
}
Event: 18.433 GC heap before
{Heap before GC invocations=93 (full 2):
 PSYoungGen      total 19968K, used 19968K [0x00000000d5580000, 0x00000000d6f00000, 0x0000000100000000)
  eden space 18944K, 100% used [0x00000000d5580000,0x00000000d6800000,0x00000000d6800000)
  from space 1024K, 100% used [0x00000000d6e00000,0x00000000d6f00000,0x00000000d6f00000)
  to   space 3584K, 0% used [0x00000000d6800000,0x00000000d6800000,0x00000000d6b80000)
 ParOldGen       total 122368K, used 122280K [0x0000000080000000, 0x0000000087780000, 0x00000000d5580000)
  object space 122368K, 99% used [0x0000000080000000,0x000000008776a290,0x0000000087780000)
 Metaspace       used 58401K, committed 59712K, reserved 1114112K
  class space    used 6799K, committed 7360K, reserved 1048576K
}
Event: 18.435 GC heap after
{Heap after GC invocations=93 (full 2):
 PSYoungGen      total 22528K, used 576K [0x00000000d5580000, 0x00000000d6e80000, 0x0000000100000000)
  eden space 18944K, 0% used [0x00000000d5580000,0x00000000d5580000,0x00000000d6800000)
  from space 3584K, 16% used [0x00000000d6800000,0x00000000d6890000,0x00000000d6b80000)
  to   space 1536K, 0% used [0x00000000d6d00000,0x00000000d6d00000,0x00000000d6e80000)
 ParOldGen       total 123392K, used 123352K [0x0000000080000000, 0x0000000087880000, 0x00000000d5580000)
  object space 123392K, 99% used [0x0000000080000000,0x0000000087876290,0x0000000087880000)
 Metaspace       used 58401K, committed 59712K, reserved 1114112K
  class space    used 6799K, committed 7360K, reserved 1048576K
}
Event: 18.458 GC heap before
{Heap before GC invocations=94 (full 2):
 PSYoungGen      total 22528K, used 19520K [0x00000000d5580000, 0x00000000d6e80000, 0x0000000100000000)
  eden space 18944K, 100% used [0x00000000d5580000,0x00000000d6800000,0x00000000d6800000)
  from space 3584K, 16% used [0x00000000d6800000,0x00000000d6890000,0x00000000d6b80000)
  to   space 1536K, 0% used [0x00000000d6d00000,0x00000000d6d00000,0x00000000d6e80000)
 ParOldGen       total 123392K, used 123352K [0x0000000080000000, 0x0000000087880000, 0x00000000d5580000)
  object space 123392K, 99% used [0x0000000080000000,0x0000000087876290,0x0000000087880000)
 Metaspace       used 58409K, committed 59712K, reserved 1114112K
  class space    used 6799K, committed 7360K, reserved 1048576K
}
Event: 18.460 GC heap after
{Heap after GC invocations=94 (full 2):
 PSYoungGen      total 19456K, used 416K [0x00000000d5580000, 0x00000000d6d80000, 0x0000000100000000)
  eden space 18944K, 0% used [0x00000000d5580000,0x00000000d5580000,0x00000000d6800000)
  from space 512K, 81% used [0x00000000d6d00000,0x00000000d6d68000,0x00000000d6d80000)
  to   space 1024K, 0% used [0x00000000d6b80000,0x00000000d6b80000,0x00000000d6c80000)
 ParOldGen       total 123904K, used 123775K [0x0000000080000000, 0x0000000087900000, 0x00000000d5580000)
  object space 123904K, 99% used [0x0000000080000000,0x00000000878dff90,0x0000000087900000)
 Metaspace       used 58409K, committed 59712K, reserved 1114112K
  class space    used 6799K, committed 7360K, reserved 1048576K
}
Event: 18.884 GC heap before
{Heap before GC invocations=95 (full 2):
 PSYoungGen      total 19456K, used 12992K [0x00000000d5580000, 0x00000000d6d80000, 0x0000000100000000)
  eden space 18944K, 66% used [0x00000000d5580000,0x00000000d61c8330,0x00000000d6800000)
  from space 512K, 81% used [0x00000000d6d00000,0x00000000d6d68000,0x00000000d6d80000)
  to   space 1024K, 0% used [0x00000000d6b80000,0x00000000d6b80000,0x00000000d6c80000)
 ParOldGen       total 123904K, used 123775K [0x0000000080000000, 0x0000000087900000, 0x00000000d5580000)
  object space 123904K, 99% used [0x0000000080000000,0x00000000878dff90,0x0000000087900000)
 Metaspace       used 58557K, committed 59776K, reserved 1114112K
  class space    used 6826K, committed 7360K, reserved 1048576K
}
Event: 18.885 GC heap after
{Heap after GC invocations=95 (full 2):
 PSYoungGen      total 19968K, used 320K [0x00000000d5580000, 0x00000000d6d80000, 0x0000000100000000)
  eden space 18944K, 0% used [0x00000000d5580000,0x00000000d5580000,0x00000000d6800000)
  from space 1024K, 31% used [0x00000000d6b80000,0x00000000d6bd0000,0x00000000d6c80000)
  to   space 512K, 0% used [0x00000000d6d00000,0x00000000d6d00000,0x00000000d6d80000)
 ParOldGen       total 124416K, used 123909K [0x0000000080000000, 0x0000000087980000, 0x00000000d5580000)
  object space 124416K, 99% used [0x0000000080000000,0x00000000879016b8,0x0000000087980000)
 Metaspace       used 58557K, committed 59776K, reserved 1114112K
  class space    used 6826K, committed 7360K, reserved 1048576K
}
Event: 18.885 GC heap before
{Heap before GC invocations=96 (full 3):
 PSYoungGen      total 19968K, used 320K [0x00000000d5580000, 0x00000000d6d80000, 0x0000000100000000)
  eden space 18944K, 0% used [0x00000000d5580000,0x00000000d5580000,0x00000000d6800000)
  from space 1024K, 31% used [0x00000000d6b80000,0x00000000d6bd0000,0x00000000d6c80000)
  to   space 512K, 0% used [0x00000000d6d00000,0x00000000d6d00000,0x00000000d6d80000)
 ParOldGen       total 124416K, used 123909K [0x0000000080000000, 0x0000000087980000, 0x00000000d5580000)
  object space 124416K, 99% used [0x0000000080000000,0x00000000879016b8,0x0000000087980000)
 Metaspace       used 58557K, committed 59776K, reserved 1114112K
  class space    used 6826K, committed 7360K, reserved 1048576K
}
Event: 18.957 GC heap after
{Heap after GC invocations=96 (full 3):
 PSYoungGen      total 19968K, used 0K [0x00000000d5580000, 0x00000000d6d80000, 0x0000000100000000)
  eden space 18944K, 0% used [0x00000000d5580000,0x00000000d5580000,0x00000000d6800000)
  from space 1024K, 0% used [0x00000000d6b80000,0x00000000d6b80000,0x00000000d6c80000)
  to   space 512K, 0% used [0x00000000d6d00000,0x00000000d6d00000,0x00000000d6d80000)
 ParOldGen       total 124416K, used 73071K [0x0000000080000000, 0x0000000087980000, 0x00000000d5580000)
  object space 124416K, 58% used [0x0000000080000000,0x000000008475bc40,0x0000000087980000)
 Metaspace       used 58557K, committed 59776K, reserved 1114112K
  class space    used 6826K, committed 7360K, reserved 1048576K
}

