# JRE version: OpenJDK Runtime Environment Temurin-21.0.9+10 (21.0.9+10) (build 21.0.9+10-LTS)
# Java VM: OpenJDK 64-Bit Server VM Temurin-21.0.9+10 (21.0.9+10-LTS, mixed mode, sharing, tiered, compressed oops, compressed class ptrs, parallel gc, windows-amd64)
GC Precious Log:
 CardTable entry size: 512
 CPUs: 12 total, 12 available
 Memory: 7498M
 Large Page Support: Disabled
 NUMA Support: Disabled
 Compressed Oops: Enabled (32-bit)
 Alignments: Space 512K, Generation 512K, Heap 2M
 Heap Min Capacity: 100M
 Heap Initial Capacity: 100M
 Heap Max Capacity: 2G
 Pre-touch: Disabled
 Parallel Workers: 10
Heap:
 PSYoungGen      total 23040K, used 21259K [0x00000000d5580000, 0x00000000d7100000, 0x0000000100000000)
  eden space 22016K, 96% used [0x00000000d5580000,0x00000000d6a42f80,0x00000000d6b00000)
  from space 1024K, 0% used [0x00000000d7000000,0x00000000d7000000,0x00000000d7100000)
  to   space 1024K, 0% used [0x00000000d6f00000,0x00000000d6f00000,0x00000000d7000000)
 ParOldGen       total 68608K, used 22905K [0x0000000080000000, 0x0000000084300000, 0x00000000d5580000)
  object space 68608K, 33% used [0x0000000080000000,0x000000008165e4a0,0x0000000084300000)
 Metaspace       used 36698K, committed 37760K, reserved 1114112K
  class space    used 3784K, committed 4224K, reserved 1048576K
GC Heap History (20 events):
Event: 5.537 GC heap before
{Heap before GC invocations=7 (full 0):
 PSYoungGen      total 31232K, used 30828K [0x00000000d5580000, 0x00000000d7b80000, 0x0000000100000000)
  eden space 24576K, 98% used [0x00000000d5580000,0x00000000d6d1fe60,0x00000000d6d80000)
  from space 6656K, 99% used [0x00000000d7480000,0x00000000d7afb328,0x00000000d7b00000)
  to   space 7168K, 0% used [0x00000000d6d80000,0x00000000d6d80000,0x00000000d7480000)
 ParOldGen       total 68608K, used 8806K [0x0000000080000000, 0x0000000084300000, 0x00000000d5580000)
  object space 68608K, 12% used [0x0000000080000000,0x0000000080899810,0x0000000084300000)
 Metaspace       used 20677K, committed 21504K, reserved 1114112K
  class space    used 2189K, committed 2560K, reserved 1048576K
}
Event: 5.541 GC heap after
{Heap after GC invocations=7 (full 0):
 PSYoungGen      total 31232K, used 6168K [0x00000000d5580000, 0x00000000d7a80000, 0x0000000100000000)
  eden space 24576K, 0% used [0x00000000d5580000,0x00000000d5580000,0x00000000d6d80000)
  from space 6656K, 92% used [0x00000000d6d80000,0x00000000d73863c0,0x00000000d7400000)
  to   space 6656K, 0% used [0x00000000d7400000,0x00000000d7400000,0x00000000d7a80000)
 ParOldGen       total 68608K, used 10393K [0x0000000080000000, 0x0000000084300000, 0x00000000d5580000)
  object space 68608K, 15% used [0x0000000080000000,0x0000000080a26788,0x0000000084300000)
 Metaspace       used 20677K, committed 21504K, reserved 1114112K
  class space    used 2189K, committed 2560K, reserved 1048576K
}
Event: 5.541 GC heap before
{Heap before GC invocations=8 (full 1):
 PSYoungGen      total 31232K, used 6168K [0x00000000d5580000, 0x00000000d7a80000, 0x0000000100000000)
  eden space 24576K, 0% used [0x00000000d5580000,0x00000000d5580000,0x00000000d6d80000)
  from space 6656K, 92% used [0x00000000d6d80000,0x00000000d73863c0,0x00000000d7400000)
  to   space 6656K, 0% used [0x00000000d7400000,0x00000000d7400000,0x00000000d7a80000)
 ParOldGen       total 68608K, used 10393K [0x0000000080000000, 0x0000000084300000, 0x00000000d5580000)
  object space 68608K, 15% used [0x0000000080000000,0x0000000080a26788,0x0000000084300000)
 Metaspace       used 20677K, committed 21504K, reserved 1114112K
  class space    used 2189K, committed 2560K, reserved 1048576K
}
Event: 5.566 GC heap after
{Heap after GC invocations=8 (full 1):
 PSYoungGen      total 31232K, used 0K [0x00000000d5580000, 0x00000000d7a80000, 0x0000000100000000)
  eden space 24576K, 0% used [0x00000000d5580000,0x00000000d5580000,0x00000000d6d80000)
  from space 6656K, 0% used [0x00000000d6d80000,0x00000000d6d80000,0x00000000d7400000)
  to   space 6656K, 0% used [0x00000000d7400000,0x00000000d7400000,0x00000000d7a80000)
 ParOldGen       total 68608K, used 15812K [0x0000000080000000, 0x0000000084300000, 0x00000000d5580000)
  object space 68608K, 23% used [0x0000000080000000,0x0000000080f71078,0x0000000084300000)
 Metaspace       used 20664K, committed 21504K, reserved 1114112K
  class space    used 2185K, committed 2560K, reserved 1048576K
}
Event: 5.705 GC heap before
{Heap before GC invocations=9 (full 1):
 PSYoungGen      total 31232K, used 24519K [0x00000000d5580000, 0x00000000d7a80000, 0x0000000100000000)
  eden space 24576K, 99% used [0x00000000d5580000,0x00000000d6d71f70,0x00000000d6d80000)
  from space 6656K, 0% used [0x00000000d6d80000,0x00000000d6d80000,0x00000000d7400000)
  to   space 6656K, 0% used [0x00000000d7400000,0x00000000d7400000,0x00000000d7a80000)
 ParOldGen       total 68608K, used 15812K [0x0000000080000000, 0x0000000084300000, 0x00000000d5580000)
  object space 68608K, 23% used [0x0000000080000000,0x0000000080f71078,0x0000000084300000)
 Metaspace       used 23011K, committed 23872K, reserved 1114112K
  class space    used 2344K, committed 2688K, reserved 1048576K
}
Event: 5.706 GC heap after
{Heap after GC invocations=9 (full 1):
 PSYoungGen      total 25600K, used 1180K [0x00000000d5580000, 0x00000000d7580000, 0x0000000100000000)
  eden space 24064K, 0% used [0x00000000d5580000,0x00000000d5580000,0x00000000d6d00000)
  from space 1536K, 76% used [0x00000000d7400000,0x00000000d7527360,0x00000000d7580000)
  to   space 3072K, 0% used [0x00000000d6f80000,0x00000000d6f80000,0x00000000d7280000)
 ParOldGen       total 68608K, used 15812K [0x0000000080000000, 0x0000000084300000, 0x00000000d5580000)
  object space 68608K, 23% used [0x0000000080000000,0x0000000080f71078,0x0000000084300000)
 Metaspace       used 23011K, committed 23872K, reserved 1114112K
  class space    used 2344K, committed 2688K, reserved 1048576K
}
Event: 5.889 GC heap before
{Heap before GC invocations=10 (full 1):
 PSYoungGen      total 25600K, used 25244K [0x00000000d5580000, 0x00000000d7580000, 0x0000000100000000)
  eden space 24064K, 100% used [0x00000000d5580000,0x00000000d6d00000,0x00000000d6d00000)
  from space 1536K, 76% used [0x00000000d7400000,0x00000000d7527360,0x00000000d7580000)
  to   space 3072K, 0% used [0x00000000d6f80000,0x00000000d6f80000,0x00000000d7280000)
 ParOldGen       total 68608K, used 15812K [0x0000000080000000, 0x0000000084300000, 0x00000000d5580000)
  object space 68608K, 23% used [0x0000000080000000,0x0000000080f71078,0x0000000084300000)
 Metaspace       used 26405K, committed 27264K, reserved 1114112K
  class space    used 2604K, committed 2944K, reserved 1048576K
}
Event: 5.891 GC heap after
{Heap after GC invocations=10 (full 1):
 PSYoungGen      total 26624K, used 2932K [0x00000000d5580000, 0x00000000d7480000, 0x0000000100000000)
  eden space 23552K, 0% used [0x00000000d5580000,0x00000000d5580000,0x00000000d6c80000)
  from space 3072K, 95% used [0x00000000d6f80000,0x00000000d725d0f0,0x00000000d7280000)
  to   space 2048K, 0% used [0x00000000d7280000,0x00000000d7280000,0x00000000d7480000)
 ParOldGen       total 68608K, used 15820K [0x0000000080000000, 0x0000000084300000, 0x00000000d5580000)
  object space 68608K, 23% used [0x0000000080000000,0x0000000080f73078,0x0000000084300000)
 Metaspace       used 26405K, committed 27264K, reserved 1114112K
  class space    used 2604K, committed 2944K, reserved 1048576K
}
Event: 6.071 GC heap before
{Heap before GC invocations=11 (full 1):
 PSYoungGen      total 26624K, used 26484K [0x00000000d5580000, 0x00000000d7480000, 0x0000000100000000)
  eden space 23552K, 100% used [0x00000000d5580000,0x00000000d6c80000,0x00000000d6c80000)
  from space 3072K, 95% used [0x00000000d6f80000,0x00000000d725d0f0,0x00000000d7280000)
  to   space 2048K, 0% used [0x00000000d7280000,0x00000000d7280000,0x00000000d7480000)
 ParOldGen       total 68608K, used 15820K [0x0000000080000000, 0x0000000084300000, 0x00000000d5580000)
  object space 68608K, 23% used [0x0000000080000000,0x0000000080f73078,0x0000000084300000)
 Metaspace       used 27859K, committed 28736K, reserved 1114112K
  class space    used 2715K, committed 3072K, reserved 1048576K
}
Event: 6.073 GC heap after
{Heap after GC invocations=11 (full 1):
 PSYoungGen      total 25088K, used 1700K [0x00000000d5580000, 0x00000000d7480000, 0x0000000100000000)
  eden space 23040K, 0% used [0x00000000d5580000,0x00000000d5580000,0x00000000d6c00000)
  from space 2048K, 83% used [0x00000000d7280000,0x00000000d74292d0,0x00000000d7480000)
  to   space 2560K, 0% used [0x00000000d6f80000,0x00000000d6f80000,0x00000000d7200000)
 ParOldGen       total 68608K, used 18292K [0x0000000080000000, 0x0000000084300000, 0x00000000d5580000)
  object space 68608K, 26% used [0x0000000080000000,0x00000000811dd1a8,0x0000000084300000)
 Metaspace       used 27859K, committed 28736K, reserved 1114112K
  class space    used 2715K, committed 3072K, reserved 1048576K
}
Event: 6.292 GC heap before
{Heap before GC invocations=12 (full 1):
 PSYoungGen      total 25088K, used 24740K [0x00000000d5580000, 0x00000000d7480000, 0x0000000100000000)
  eden space 23040K, 100% used [0x00000000d5580000,0x00000000d6c00000,0x00000000d6c00000)
  from space 2048K, 83% used [0x00000000d7280000,0x00000000d74292d0,0x00000000d7480000)
  to   space 2560K, 0% used [0x00000000d6f80000,0x00000000d6f80000,0x00000000d7200000)
 ParOldGen       total 68608K, used 18292K [0x0000000080000000, 0x0000000084300000, 0x00000000d5580000)
  object space 68608K, 26% used [0x0000000080000000,0x00000000811dd1a8,0x0000000084300000)
 Metaspace       used 30805K, committed 31808K, reserved 1114112K
  class space    used 3039K, committed 3456K, reserved 1048576K
}
Event: 6.294 GC heap after
{Heap after GC invocations=12 (full 1):
 PSYoungGen      total 24576K, used 1918K [0x00000000d5580000, 0x00000000d7300000, 0x0000000100000000)
  eden space 22528K, 0% used [0x00000000d5580000,0x00000000d5580000,0x00000000d6b80000)
  from space 2048K, 93% used [0x00000000d6f80000,0x00000000d715fab8,0x00000000d7180000)
  to   space 1536K, 0% used [0x00000000d7180000,0x00000000d7180000,0x00000000d7300000)
 ParOldGen       total 68608K, used 19834K [0x0000000080000000, 0x0000000084300000, 0x00000000d5580000)
  object space 68608K, 28% used [0x0000000080000000,0x000000008135ea18,0x0000000084300000)
 Metaspace       used 30805K, committed 31808K, reserved 1114112K
  class space    used 3039K, committed 3456K, reserved 1048576K
}
Event: 6.379 GC heap before
{Heap before GC invocations=13 (full 1):
 PSYoungGen      total 24576K, used 24416K [0x00000000d5580000, 0x00000000d7300000, 0x0000000100000000)
  eden space 22528K, 99% used [0x00000000d5580000,0x00000000d6b786a8,0x00000000d6b80000)
  from space 2048K, 93% used [0x00000000d6f80000,0x00000000d715fab8,0x00000000d7180000)
  to   space 1536K, 0% used [0x00000000d7180000,0x00000000d7180000,0x00000000d7300000)
 ParOldGen       total 68608K, used 19834K [0x0000000080000000, 0x0000000084300000, 0x00000000d5580000)
  object space 68608K, 28% used [0x0000000080000000,0x000000008135ea18,0x0000000084300000)
 Metaspace       used 32682K, committed 33728K, reserved 1114112K
  class space    used 3281K, committed 3712K, reserved 1048576K
}
Event: 6.381 GC heap after
{Heap after GC invocations=13 (full 1):
 PSYoungGen      total 23552K, used 1504K [0x00000000d5580000, 0x00000000d7300000, 0x0000000100000000)
  eden space 22016K, 0% used [0x00000000d5580000,0x00000000d5580000,0x00000000d6b00000)
  from space 1536K, 97% used [0x00000000d7180000,0x00000000d72f8030,0x00000000d7300000)
  to   space 3584K, 0% used [0x00000000d6c00000,0x00000000d6c00000,0x00000000d6f80000)
 ParOldGen       total 68608K, used 21289K [0x0000000080000000, 0x0000000084300000, 0x00000000d5580000)
  object space 68608K, 31% used [0x0000000080000000,0x00000000814ca4a0,0x0000000084300000)
 Metaspace       used 32682K, committed 33728K, reserved 1114112K
  class space    used 3281K, committed 3712K, reserved 1048576K
}
Event: 6.478 GC heap before
{Heap before GC invocations=14 (full 1):
 PSYoungGen      total 23552K, used 23520K [0x00000000d5580000, 0x00000000d7300000, 0x0000000100000000)
  eden space 22016K, 100% used [0x00000000d5580000,0x00000000d6b00000,0x00000000d6b00000)
  from space 1536K, 97% used [0x00000000d7180000,0x00000000d72f8030,0x00000000d7300000)
  to   space 3584K, 0% used [0x00000000d6c00000,0x00000000d6c00000,0x00000000d6f80000)
 ParOldGen       total 68608K, used 21289K [0x0000000080000000, 0x0000000084300000, 0x00000000d5580000)
  object space 68608K, 31% used [0x0000000080000000,0x00000000814ca4a0,0x0000000084300000)
 Metaspace       used 34082K, committed 35200K, reserved 1114112K
  class space    used 3450K, committed 3968K, reserved 1048576K
}
Event: 6.480 GC heap after
{Heap after GC invocations=14 (full 1):
 PSYoungGen      total 25600K, used 1392K [0x00000000d5580000, 0x00000000d7200000, 0x0000000100000000)
  eden space 22016K, 0% used [0x00000000d5580000,0x00000000d5580000,0x00000000d6b00000)
  from space 3584K, 38% used [0x00000000d6c00000,0x00000000d6d5c080,0x00000000d6f80000)
  to   space 2048K, 0% used [0x00000000d7000000,0x00000000d7000000,0x00000000d7200000)
 ParOldGen       total 68608K, used 22673K [0x0000000080000000, 0x0000000084300000, 0x00000000d5580000)
  object space 68608K, 33% used [0x0000000080000000,0x00000000816244c0,0x0000000084300000)
 Metaspace       used 34082K, committed 35200K, reserved 1114112K
  class space    used 3450K, committed 3968K, reserved 1048576K
}
Event: 6.560 GC heap before
{Heap before GC invocations=15 (full 1):
 PSYoungGen      total 25600K, used 11379K [0x00000000d5580000, 0x00000000d7200000, 0x0000000100000000)
  eden space 22016K, 45% used [0x00000000d5580000,0x00000000d5f40bb8,0x00000000d6b00000)
  from space 3584K, 38% used [0x00000000d6c00000,0x00000000d6d5c080,0x00000000d6f80000)
  to   space 2048K, 0% used [0x00000000d7000000,0x00000000d7000000,0x00000000d7200000)
 ParOldGen       total 68608K, used 22673K [0x0000000080000000, 0x0000000084300000, 0x00000000d5580000)
  object space 68608K, 33% used [0x0000000080000000,0x00000000816244c0,0x0000000084300000)
 Metaspace       used 34718K, committed 35840K, reserved 1114112K
  class space    used 3533K, committed 4032K, reserved 1048576K
}
Event: 6.561 GC heap after
{Heap after GC invocations=15 (full 1):
 PSYoungGen      total 23040K, used 544K [0x00000000d5580000, 0x00000000d7100000, 0x0000000100000000)
  eden space 22016K, 0% used [0x00000000d5580000,0x00000000d5580000,0x00000000d6b00000)
  from space 1024K, 53% used [0x00000000d7000000,0x00000000d7088000,0x00000000d7100000)
  to   space 1024K, 0% used [0x00000000d6f00000,0x00000000d6f00000,0x00000000d7000000)
 ParOldGen       total 68608K, used 23503K [0x0000000080000000, 0x0000000084300000, 0x00000000d5580000)
  object space 68608K, 34% used [0x0000000080000000,0x00000000816f3e80,0x0000000084300000)
 Metaspace       used 34718K, committed 35840K, reserved 1114112K
  class space    used 3533K, committed 4032K, reserved 1048576K
}
Event: 6.561 GC heap before
{Heap before GC invocations=16 (full 2):
 PSYoungGen      total 23040K, used 544K [0x00000000d5580000, 0x00000000d7100000, 0x0000000100000000)
  eden space 22016K, 0% used [0x00000000d5580000,0x00000000d5580000,0x00000000d6b00000)
  from space 1024K, 53% used [0x00000000d7000000,0x00000000d7088000,0x00000000d7100000)
  to   space 1024K, 0% used [0x00000000d6f00000,0x00000000d6f00000,0x00000000d7000000)
 ParOldGen       total 68608K, used 23503K [0x0000000080000000, 0x0000000084300000, 0x00000000d5580000)
  object space 68608K, 34% used [0x0000000080000000,0x00000000816f3e80,0x0000000084300000)
 Metaspace       used 34718K, committed 35840K, reserved 1114112K
  class space    used 3533K, committed 4032K, reserved 1048576K
}
Event: 6.586 GC heap after
{Heap after GC invocations=16 (full 2):
 PSYoungGen      total 23040K, used 0K [0x00000000d5580000, 0x00000000d7100000, 0x0000000100000000)
  eden space 22016K, 0% used [0x00000000d5580000,0x00000000d5580000,0x00000000d6b00000)
  from space 1024K, 0% used [0x00000000d7000000,0x00000000d7000000,0x00000000d7100000)
  to   space 1024K, 0% used [0x00000000d6f00000,0x00000000d6f00000,0x00000000d7000000)
 ParOldGen       total 68608K, used 22905K [0x0000000080000000, 0x0000000084300000, 0x00000000d5580000)
  object space 68608K, 33% used [0x0000000080000000,0x000000008165e4a0,0x0000000084300000)
 Metaspace       used 34718K, committed 35840K, reserved 1114112K
  class space    used 3533K, committed 4032K, reserved 1048576K
}

