# JRE version: OpenJDK Runtime Environment Temurin-21.0.9+10 (21.0.9+10) (build 21.0.9+10-LTS)
# Java VM: OpenJDK 64-Bit Server VM Temurin-21.0.9+10 (21.0.9+10-LTS, mixed mode, sharing, tiered, compressed oops, compressed class ptrs, parallel gc, windows-amd64)
GC Precious Log:
 CardTable entry size: 512
 CPUs: 12 total, 12 available
 Memory: 7498M
 Large Page Support: Disabled
 NUMA Support: Disabled
 Compressed Oops: Enabled (32-bit)
 Alignments: Space 512K, Generation 512K, Heap 2M
 Heap Min Capacity: 100M
 Heap Initial Capacity: 100M
 Heap Max Capacity: 2G
 Pre-touch: Disabled
 Parallel Workers: 10
Heap:
 PSYoungGen      total 14848K, used 1531K [0x00000000d5580000, 0x00000000d6980000, 0x0000000100000000)
  eden space 13824K, 5% used [0x00000000d5580000,0x00000000d564ee98,0x00000000d6300000)
  from space 1024K, 68% used [0x00000000d6800000,0x00000000d68b0000,0x00000000d6900000)
  to   space 512K, 0% used [0x00000000d6900000,0x00000000d6900000,0x00000000d6980000)
 ParOldGen       total 68608K, used 54321K [0x0000000080000000, 0x0000000084300000, 0x00000000d5580000)
  object space 68608K, 79% used [0x0000000080000000,0x000000008350c788,0x0000000084300000)
 Metaspace       used 50478K, committed 51712K, reserved 1114112K
  class space    used 5703K, committed 6208K, reserved 1048576K
GC Heap History (20 events):
Event: 3.755 GC heap before
{Heap before GC invocations=19 (full 2):
 PSYoungGen      total 23552K, used 23552K [0x00000000d5580000, 0x00000000d6f00000, 0x0000000100000000)
  eden space 22016K, 100% used [0x00000000d5580000,0x00000000d6b00000,0x00000000d6b00000)
  from space 1536K, 100% used [0x00000000d6d00000,0x00000000d6e80000,0x00000000d6e80000)
  to   space 2048K, 0% used [0x00000000d6b00000,0x00000000d6b00000,0x00000000d6d00000)
 ParOldGen       total 68608K, used 23062K [0x0000000080000000, 0x0000000084300000, 0x00000000d5580000)
  object space 68608K, 33% used [0x0000000080000000,0x00000000816858e8,0x0000000084300000)
 Metaspace       used 37949K, committed 39040K, reserved 1114112K
  class space    used 3974K, committed 4416K, reserved 1048576K
}
Event: 3.756 GC heap after
{Heap after GC invocations=19 (full 2):
 PSYoungGen      total 23040K, used 768K [0x00000000d5580000, 0x00000000d6e00000, 0x0000000100000000)
  eden space 22016K, 0% used [0x00000000d5580000,0x00000000d5580000,0x00000000d6b00000)
  from space 1024K, 75% used [0x00000000d6b00000,0x00000000d6bc0000,0x00000000d6c00000)
  to   space 1536K, 0% used [0x00000000d6c80000,0x00000000d6c80000,0x00000000d6e00000)
 ParOldGen       total 68608K, used 23678K [0x0000000080000000, 0x0000000084300000, 0x00000000d5580000)
  object space 68608K, 34% used [0x0000000080000000,0x000000008171f8f8,0x0000000084300000)
 Metaspace       used 37949K, committed 39040K, reserved 1114112K
  class space    used 3974K, committed 4416K, reserved 1048576K
}
Event: 3.960 GC heap before
{Heap before GC invocations=20 (full 2):
 PSYoungGen      total 23040K, used 22784K [0x00000000d5580000, 0x00000000d6e00000, 0x0000000100000000)
  eden space 22016K, 100% used [0x00000000d5580000,0x00000000d6b00000,0x00000000d6b00000)
  from space 1024K, 75% used [0x00000000d6b00000,0x00000000d6bc0000,0x00000000d6c00000)
  to   space 1536K, 0% used [0x00000000d6c80000,0x00000000d6c80000,0x00000000d6e00000)
 ParOldGen       total 68608K, used 23678K [0x0000000080000000, 0x0000000084300000, 0x00000000d5580000)
  object space 68608K, 34% used [0x0000000080000000,0x000000008171f8f8,0x0000000084300000)
 Metaspace       used 39991K, committed 41024K, reserved 1114112K
  class space    used 4229K, committed 4672K, reserved 1048576K
}
Event: 3.961 GC heap after
{Heap after GC invocations=20 (full 2):
 PSYoungGen      total 23040K, used 736K [0x00000000d5580000, 0x00000000d6d80000, 0x0000000100000000)
  eden space 22016K, 0% used [0x00000000d5580000,0x00000000d5580000,0x00000000d6b00000)
  from space 1024K, 71% used [0x00000000d6c80000,0x00000000d6d38000,0x00000000d6d80000)
  to   space 1024K, 0% used [0x00000000d6b00000,0x00000000d6b00000,0x00000000d6c00000)
 ParOldGen       total 68608K, used 24230K [0x0000000080000000, 0x0000000084300000, 0x00000000d5580000)
  object space 68608K, 35% used [0x0000000080000000,0x00000000817a98f8,0x0000000084300000)
 Metaspace       used 39991K, committed 41024K, reserved 1114112K
  class space    used 4229K, committed 4672K, reserved 1048576K
}
Event: 4.232 GC heap before
{Heap before GC invocations=21 (full 2):
 PSYoungGen      total 23040K, used 22752K [0x00000000d5580000, 0x00000000d6d80000, 0x0000000100000000)
  eden space 22016K, 100% used [0x00000000d5580000,0x00000000d6b00000,0x00000000d6b00000)
  from space 1024K, 71% used [0x00000000d6c80000,0x00000000d6d38000,0x00000000d6d80000)
  to   space 1024K, 0% used [0x00000000d6b00000,0x00000000d6b00000,0x00000000d6c00000)
 ParOldGen       total 68608K, used 24230K [0x0000000080000000, 0x0000000084300000, 0x00000000d5580000)
  object space 68608K, 35% used [0x0000000080000000,0x00000000817a98f8,0x0000000084300000)
 Metaspace       used 42351K, committed 43456K, reserved 1114112K
  class space    used 4549K, committed 4992K, reserved 1048576K
}
Event: 4.235 GC heap after
{Heap after GC invocations=21 (full 2):
 PSYoungGen      total 23040K, used 1024K [0x00000000d5580000, 0x00000000d6f00000, 0x0000000100000000)
  eden space 22016K, 0% used [0x00000000d5580000,0x00000000d5580000,0x00000000d6b00000)
  from space 1024K, 100% used [0x00000000d6b00000,0x00000000d6c00000,0x00000000d6c00000)
  to   space 2048K, 0% used [0x00000000d6d00000,0x00000000d6d00000,0x00000000d6f00000)
 ParOldGen       total 68608K, used 25006K [0x0000000080000000, 0x0000000084300000, 0x00000000d5580000)
  object space 68608K, 36% used [0x0000000080000000,0x000000008186b8f8,0x0000000084300000)
 Metaspace       used 42351K, committed 43456K, reserved 1114112K
  class space    used 4549K, committed 4992K, reserved 1048576K
}
Event: 4.573 GC heap before
{Heap before GC invocations=22 (full 2):
 PSYoungGen      total 23040K, used 23040K [0x00000000d5580000, 0x00000000d6f00000, 0x0000000100000000)
  eden space 22016K, 100% used [0x00000000d5580000,0x00000000d6b00000,0x00000000d6b00000)
  from space 1024K, 100% used [0x00000000d6b00000,0x00000000d6c00000,0x00000000d6c00000)
  to   space 2048K, 0% used [0x00000000d6d00000,0x00000000d6d00000,0x00000000d6f00000)
 ParOldGen       total 68608K, used 25006K [0x0000000080000000, 0x0000000084300000, 0x00000000d5580000)
  object space 68608K, 36% used [0x0000000080000000,0x000000008186b8f8,0x0000000084300000)
 Metaspace       used 44739K, committed 45888K, reserved 1114112K
  class space    used 4858K, committed 5312K, reserved 1048576K
}
Event: 4.577 GC heap after
{Heap after GC invocations=22 (full 2):
 PSYoungGen      total 24064K, used 1499K [0x00000000d5580000, 0x00000000d6f00000, 0x0000000100000000)
  eden space 22016K, 0% used [0x00000000d5580000,0x00000000d5580000,0x00000000d6b00000)
  from space 2048K, 73% used [0x00000000d6d00000,0x00000000d6e76e98,0x00000000d6f00000)
  to   space 2048K, 0% used [0x00000000d6b00000,0x00000000d6b00000,0x00000000d6d00000)
 ParOldGen       total 68608K, used 25989K [0x0000000080000000, 0x0000000084300000, 0x00000000d5580000)
  object space 68608K, 37% used [0x0000000080000000,0x0000000081961618,0x0000000084300000)
 Metaspace       used 44739K, committed 45888K, reserved 1114112K
  class space    used 4858K, committed 5312K, reserved 1048576K
}
Event: 5.132 GC heap before
{Heap before GC invocations=23 (full 2):
 PSYoungGen      total 24064K, used 23515K [0x00000000d5580000, 0x00000000d6f00000, 0x0000000100000000)
  eden space 22016K, 100% used [0x00000000d5580000,0x00000000d6b00000,0x00000000d6b00000)
  from space 2048K, 73% used [0x00000000d6d00000,0x00000000d6e76e98,0x00000000d6f00000)
  to   space 2048K, 0% used [0x00000000d6b00000,0x00000000d6b00000,0x00000000d6d00000)
 ParOldGen       total 68608K, used 25989K [0x0000000080000000, 0x0000000084300000, 0x00000000d5580000)
  object space 68608K, 37% used [0x0000000080000000,0x0000000081961618,0x0000000084300000)
 Metaspace       used 45645K, committed 46848K, reserved 1114112K
  class space    used 4945K, committed 5440K, reserved 1048576K
}
Event: 7.159 GC heap after
{Heap after GC invocations=23 (full 2):
 PSYoungGen      total 24064K, used 2030K [0x00000000d5580000, 0x00000000d6f00000, 0x0000000100000000)
  eden space 22016K, 0% used [0x00000000d5580000,0x00000000d5580000,0x00000000d6b00000)
  from space 2048K, 99% used [0x00000000d6b00000,0x00000000d6cfba48,0x00000000d6d00000)
  to   space 2048K, 0% used [0x00000000d6d00000,0x00000000d6d00000,0x00000000d6f00000)
 ParOldGen       total 68608K, used 36411K [0x0000000080000000, 0x0000000084300000, 0x00000000d5580000)
  object space 68608K, 53% used [0x0000000080000000,0x000000008238ec98,0x0000000084300000)
 Metaspace       used 45645K, committed 46848K, reserved 1114112K
  class space    used 4945K, committed 5440K, reserved 1048576K
}
Event: 7.286 GC heap before
{Heap before GC invocations=24 (full 2):
 PSYoungGen      total 24064K, used 24046K [0x00000000d5580000, 0x00000000d6f00000, 0x0000000100000000)
  eden space 22016K, 100% used [0x00000000d5580000,0x00000000d6b00000,0x00000000d6b00000)
  from space 2048K, 99% used [0x00000000d6b00000,0x00000000d6cfba48,0x00000000d6d00000)
  to   space 2048K, 0% used [0x00000000d6d00000,0x00000000d6d00000,0x00000000d6f00000)
 ParOldGen       total 68608K, used 36411K [0x0000000080000000, 0x0000000084300000, 0x00000000d5580000)
  object space 68608K, 53% used [0x0000000080000000,0x000000008238ec98,0x0000000084300000)
 Metaspace       used 46294K, committed 47488K, reserved 1114112K
  class space    used 5021K, committed 5504K, reserved 1048576K
}
Event: 7.290 GC heap after
{Heap after GC invocations=24 (full 2):
 PSYoungGen      total 15872K, used 2029K [0x00000000d5580000, 0x00000000d7f00000, 0x0000000100000000)
  eden space 13824K, 0% used [0x00000000d5580000,0x00000000d5580000,0x00000000d6300000)
  from space 2048K, 99% used [0x00000000d6d00000,0x00000000d6efb6b8,0x00000000d6f00000)
  to   space 10240K, 0% used [0x00000000d6300000,0x00000000d6300000,0x00000000d6d00000)
 ParOldGen       total 68608K, used 43343K [0x0000000080000000, 0x0000000084300000, 0x00000000d5580000)
  object space 68608K, 63% used [0x0000000080000000,0x0000000082a53ff8,0x0000000084300000)
 Metaspace       used 46294K, committed 47488K, reserved 1114112K
  class space    used 5021K, committed 5504K, reserved 1048576K
}
Event: 7.820 GC heap before
{Heap before GC invocations=25 (full 2):
 PSYoungGen      total 15872K, used 15853K [0x00000000d5580000, 0x00000000d7f00000, 0x0000000100000000)
  eden space 13824K, 100% used [0x00000000d5580000,0x00000000d6300000,0x00000000d6300000)
  from space 2048K, 99% used [0x00000000d6d00000,0x00000000d6efb6b8,0x00000000d6f00000)
  to   space 10240K, 0% used [0x00000000d6300000,0x00000000d6300000,0x00000000d6d00000)
 ParOldGen       total 68608K, used 43343K [0x0000000080000000, 0x0000000084300000, 0x00000000d5580000)
  object space 68608K, 63% used [0x0000000080000000,0x0000000082a53ff8,0x0000000084300000)
 Metaspace       used 46845K, committed 48000K, reserved 1114112K
  class space    used 5072K, committed 5568K, reserved 1048576K
}
Event: 7.822 GC heap after
{Heap after GC invocations=25 (full 2):
 PSYoungGen      total 14336K, used 448K [0x00000000d5580000, 0x00000000d6d80000, 0x0000000100000000)
  eden space 13824K, 0% used [0x00000000d5580000,0x00000000d5580000,0x00000000d6300000)
  from space 512K, 87% used [0x00000000d6300000,0x00000000d6370000,0x00000000d6380000)
  to   space 4096K, 0% used [0x00000000d6980000,0x00000000d6980000,0x00000000d6d80000)
 ParOldGen       total 68608K, used 45400K [0x0000000080000000, 0x0000000084300000, 0x00000000d5580000)
  object space 68608K, 66% used [0x0000000080000000,0x0000000082c56230,0x0000000084300000)
 Metaspace       used 46845K, committed 48000K, reserved 1114112K
  class space    used 5072K, committed 5568K, reserved 1048576K
}
Event: 8.119 GC heap before
{Heap before GC invocations=26 (full 2):
 PSYoungGen      total 14336K, used 14272K [0x00000000d5580000, 0x00000000d6d80000, 0x0000000100000000)
  eden space 13824K, 100% used [0x00000000d5580000,0x00000000d6300000,0x00000000d6300000)
  from space 512K, 87% used [0x00000000d6300000,0x00000000d6370000,0x00000000d6380000)
  to   space 4096K, 0% used [0x00000000d6980000,0x00000000d6980000,0x00000000d6d80000)
 ParOldGen       total 68608K, used 45400K [0x0000000080000000, 0x0000000084300000, 0x00000000d5580000)
  object space 68608K, 66% used [0x0000000080000000,0x0000000082c56230,0x0000000084300000)
 Metaspace       used 47614K, committed 48768K, reserved 1114112K
  class space    used 5197K, committed 5696K, reserved 1048576K
}
Event: 8.121 GC heap after
{Heap after GC invocations=26 (full 2):
 PSYoungGen      total 14336K, used 352K [0x00000000d5580000, 0x00000000d6a00000, 0x0000000100000000)
  eden space 13824K, 0% used [0x00000000d5580000,0x00000000d5580000,0x00000000d6300000)
  from space 512K, 68% used [0x00000000d6980000,0x00000000d69d8000,0x00000000d6a00000)
  to   space 1024K, 0% used [0x00000000d6800000,0x00000000d6800000,0x00000000d6900000)
 ParOldGen       total 68608K, used 45662K [0x0000000080000000, 0x0000000084300000, 0x00000000d5580000)
  object space 68608K, 66% used [0x0000000080000000,0x0000000082c97980,0x0000000084300000)
 Metaspace       used 47614K, committed 48768K, reserved 1114112K
  class space    used 5197K, committed 5696K, reserved 1048576K
}
Event: 8.367 GC heap before
{Heap before GC invocations=27 (full 2):
 PSYoungGen      total 14336K, used 14176K [0x00000000d5580000, 0x00000000d6a00000, 0x0000000100000000)
  eden space 13824K, 100% used [0x00000000d5580000,0x00000000d6300000,0x00000000d6300000)
  from space 512K, 68% used [0x00000000d6980000,0x00000000d69d8000,0x00000000d6a00000)
  to   space 1024K, 0% used [0x00000000d6800000,0x00000000d6800000,0x00000000d6900000)
 ParOldGen       total 68608K, used 45662K [0x0000000080000000, 0x0000000084300000, 0x00000000d5580000)
  object space 68608K, 66% used [0x0000000080000000,0x0000000082c97980,0x0000000084300000)
 Metaspace       used 48738K, committed 49920K, reserved 1114112K
  class space    used 5385K, committed 5888K, reserved 1048576K
}
Event: 8.368 GC heap after
{Heap after GC invocations=27 (full 2):
 PSYoungGen      total 14848K, used 1010K [0x00000000d5580000, 0x00000000d6a00000, 0x0000000100000000)
  eden space 13824K, 0% used [0x00000000d5580000,0x00000000d5580000,0x00000000d6300000)
  from space 1024K, 98% used [0x00000000d6800000,0x00000000d68fc858,0x00000000d6900000)
  to   space 1024K, 0% used [0x00000000d6900000,0x00000000d6900000,0x00000000d6a00000)
 ParOldGen       total 68608K, used 47566K [0x0000000080000000, 0x0000000084300000, 0x00000000d5580000)
  object space 68608K, 69% used [0x0000000080000000,0x0000000082e73870,0x0000000084300000)
 Metaspace       used 48738K, committed 49920K, reserved 1114112K
  class space    used 5385K, committed 5888K, reserved 1048576K
}
Event: 8.553 GC heap before
{Heap before GC invocations=28 (full 2):
 PSYoungGen      total 14848K, used 14834K [0x00000000d5580000, 0x00000000d6a00000, 0x0000000100000000)
  eden space 13824K, 100% used [0x00000000d5580000,0x00000000d6300000,0x00000000d6300000)
  from space 1024K, 98% used [0x00000000d6800000,0x00000000d68fc858,0x00000000d6900000)
  to   space 1024K, 0% used [0x00000000d6900000,0x00000000d6900000,0x00000000d6a00000)
 ParOldGen       total 68608K, used 47566K [0x0000000080000000, 0x0000000084300000, 0x00000000d5580000)
  object space 68608K, 69% used [0x0000000080000000,0x0000000082e73870,0x0000000084300000)
 Metaspace       used 49501K, committed 50688K, reserved 1114112K
  class space    used 5513K, committed 6016K, reserved 1048576K
}
Event: 10.580 GC heap after
{Heap after GC invocations=28 (full 2):
 PSYoungGen      total 14848K, used 1005K [0x00000000d5580000, 0x00000000d6a00000, 0x0000000100000000)
  eden space 13824K, 0% used [0x00000000d5580000,0x00000000d5580000,0x00000000d6300000)
  from space 1024K, 98% used [0x00000000d6900000,0x00000000d69fb798,0x00000000d6a00000)
  to   space 1024K, 0% used [0x00000000d6800000,0x00000000d6800000,0x00000000d6900000)
 ParOldGen       total 68608K, used 53306K [0x0000000080000000, 0x0000000084300000, 0x00000000d5580000)
  object space 68608K, 77% used [0x0000000080000000,0x000000008340e988,0x0000000084300000)
 Metaspace       used 49501K, committed 50688K, reserved 1114112K
  class space    used 5513K, committed 6016K, reserved 1048576K
}

