# JRE version: OpenJDK Runtime Environment Temurin-17.0.17+10 (17.0.17+10) (build 17.0.17+10)
# Java VM: OpenJDK 64-Bit Server VM Temurin-17.0.17+10 (17.0.17+10, mixed mode, sharing, tiered, compressed oops, compressed class ptrs, g1 gc, windows-amd64)
GC Precious Log:
 CPUs: 12 total, 12 available
 Memory: 7498M
 Large Page Support: Disabled
 NUMA Support: Disabled
 Compressed Oops: Enabled (32-bit)
 Heap Region Size: 1M
 Heap Min Capacity: 8M
 Heap Initial Capacity: 118M
 Heap Max Capacity: 2G
 Pre-touch: Disabled
 Parallel Workers: 10
 Concurrent Workers: 3
 Concurrent Refinement Workers: 10
 Periodic GC: Disabled
Heap:
 garbage-first heap   total 120832K, used 62990K [0x0000000080000000, 0x0000000100000000)
  region size 1024K, 52 young (53248K), 5 survivors (5120K)
 Metaspace       used 14031K, committed 14272K, reserved 491520K
  class space    used 1921K, committed 2048K, reserved 425984K
GC Heap History (6 events):
Event: 3.633 GC heap before
{Heap before GC invocations=0 (full 0):
 garbage-first heap   total 120832K, used 22528K [0x0000000080000000, 0x0000000100000000)
  region size 1024K, 23 young (23552K), 0 survivors (0K)
 Metaspace       used 1095K, committed 1216K, reserved 491520K
  class space    used 73K, committed 128K, reserved 425984K
}
Event: 3.638 GC heap after
{Heap after GC invocations=1 (full 0):
 garbage-first heap   total 120832K, used 2368K [0x0000000080000000, 0x0000000100000000)
  region size 1024K, 3 young (3072K), 3 survivors (3072K)
 Metaspace       used 1095K, committed 1216K, reserved 491520K
  class space    used 73K, committed 128K, reserved 425984K
}
Event: 5.270 GC heap before
{Heap before GC invocations=1 (full 0):
 garbage-first heap   total 120832K, used 41280K [0x0000000080000000, 0x0000000100000000)
  region size 1024K, 38 young (38912K), 3 survivors (3072K)
 Metaspace       used 4552K, committed 4736K, reserved 491520K
  class space    used 572K, committed 640K, reserved 425984K
}
Event: 5.282 GC heap after
{Heap after GC invocations=2 (full 0):
 garbage-first heap   total 120832K, used 10725K [0x0000000080000000, 0x0000000100000000)
  region size 1024K, 5 young (5120K), 5 survivors (5120K)
 Metaspace       used 4552K, committed 4736K, reserved 491520K
  class space    used 572K, committed 640K, reserved 425984K
}
Event: 6.448 GC heap before
{Heap before GC invocations=2 (full 0):
 garbage-first heap   total 120832K, used 58853K [0x0000000080000000, 0x0000000100000000)
  region size 1024K, 50 young (51200K), 5 survivors (5120K)
 Metaspace       used 4815K, committed 4992K, reserved 491520K
  class space    used 615K, committed 704K, reserved 425984K
}
Event: 6.456 GC heap after
{Heap after GC invocations=3 (full 0):
 garbage-first heap   total 120832K, used 15886K [0x0000000080000000, 0x0000000100000000)
  region size 1024K, 5 young (5120K), 5 survivors (5120K)
 Metaspace       used 4815K, committed 4992K, reserved 491520K
  class space    used 615K, committed 704K, reserved 425984K
}

